[20:27:20] [Server thread/INFO]: Starting minecraft server version 1.7.2
[20:27:20] [Server thread/INFO]: Loading properties
[20:27:20] [Server thread/WARN]: server.properties does not exist
[20:27:20] [Server thread/INFO]: Generating new properties file
[20:27:20] [Server thread/INFO]: Default game type: SURVIVAL
[20:27:20] [Server thread/INFO]: Generating keypair
[20:27:20] [Server thread/INFO]: Starting Minecraft server on *:25565
[20:27:21] [Server thread/INFO]: This server is running CraftBukkit version git-Bukkit-1.7.2-R0.3-2-g85f5776-b3023jnks (MC: 1.7.2) (Implementing API version 1.7.2-R0.4-SNAPSHOT)
[20:27:21] [Server thread/WARN]: Failed to load operators list: java.io.FileNotFoundException: ./ops.txt (No such file or directory)
[20:27:21] [Server thread/WARN]: Failed to load white-list: java.io.FileNotFoundException: ./white-list.txt (No such file or directory)
[20:27:21] [Server thread/WARN]: **** SERVER IS RUNNING IN OFFLINE/INSECURE MODE!
[20:27:21] [Server thread/WARN]: The server will make no attempt to authenticate usernames. Beware.
[20:27:21] [Server thread/WARN]: While this makes the game possible to play without internet access, it also opens up the ability for hackers to connect with any username they choose.
[20:27:21] [Server thread/WARN]: To change this, set "online-mode" to "true" in the server.properties file.
[20:27:21] [Server thread/INFO]: Preparing level "world"
[20:27:21] [Server thread/INFO]: Preparing start region for level 0 (Seed: 1364012158970654325)
[20:27:22] [Thread-6/INFO]: ----- Bukkit Auto Updater -----
[20:27:22] [Thread-6/INFO]: It appears that you're running a Development Build, when you've specified in bukkit.yml that you prefer to run Recommended Builds.
[20:27:22] [Thread-6/INFO]: If you would like to be kept informed about new Development Build releases, it is recommended that you change 'preferred-channel' in your bukkit.yml to 'dev'.
[20:27:22] [Thread-6/INFO]: With that set, you will be told whenever a new version is available for download, so that you can always keep up to date and secure with the latest fixes.
[20:27:22] [Thread-6/INFO]: If you would like to disable this warning, simply set 'suggest-channels' to false in bukkit.yml.
[20:27:22] [Thread-6/INFO]: ----- ------------------- -----
[20:27:22] [Server thread/INFO]: Preparing spawn area: 7%
[20:27:23] [Server thread/INFO]: Preparing spawn area: 17%
[20:27:24] [Server thread/INFO]: Preparing spawn area: 30%
[20:27:25] [Server thread/INFO]: Preparing spawn area: 44%
[20:27:26] [Server thread/INFO]: Preparing spawn area: 57%
[20:27:27] [Server thread/INFO]: Preparing spawn area: 71%
[20:27:28] [Server thread/INFO]: Preparing spawn area: 85%
[20:27:29] [Server thread/INFO]: Preparing start region for level 1 (Seed: 1364012158970654325)
[20:27:30] [Server thread/INFO]: Preparing spawn area: 19%
[20:27:31] [Server thread/INFO]: Preparing spawn area: 38%
[20:27:32] [Server thread/INFO]: Preparing spawn area: 51%
[20:27:33] [Server thread/INFO]: Preparing spawn area: 68%
[20:27:34] [Server thread/INFO]: Preparing spawn area: 83%
[20:27:35] [Server thread/INFO]: Preparing spawn area: 97%
[20:27:36] [Server thread/INFO]: Preparing start region for level 2 (Seed: 1364012158970654325)
[20:27:37] [Server thread/INFO]: Preparing spawn area: 43%
[20:27:38] [Server thread/INFO]: Done (16.847s)! For help, type "help" or "?"
